<?xml version="1.0" encoding="UTF-8"?>
<testng-results ignored="0" total="1" passed="1" failed="0" skipped="0">
  <reporter-output>
  </reporter-output>
  <suite started-at="2022-01-21T15:08:57 IST" name="Suite" finished-at="2022-01-21T15:08:57 IST" duration-ms="188">
    <groups>
    </groups>
    <test started-at="2022-01-21T15:08:57 IST" name="Test" finished-at="2022-01-21T15:08:57 IST" duration-ms="188">
      <class name="RajeshNare.MavenforTry.TestDemo01">
        <test-method signature="printing()[pri:0, instance:RajeshNare.MavenforTry.TestDemo01@759d26fb]" started-at="2022-01-21T15:08:57 IST" name="printing" finished-at="2022-01-21T15:08:57 IST" duration-ms="30" status="PASS">
          <reporter-output>
          </reporter-output>
        </test-method> <!-- printing -->
      </class> <!-- RajeshNare.MavenforTry.TestDemo01 -->
    </test> <!-- Test -->
  </suite> <!-- Suite -->
</testng-results>
